
> imessage-ui@0.0.0 build
> vite build

[36mvite v7.0.0 [32mbuilding for production...[36m[39m
transforming...
[32m✓[39m 31 modules transformed.
[31m✗[39m Build failed in 795ms
[31merror during build:
[31msrc/App.jsx (2:9): "sendMessage" is not exported by "src/api.js", imported by "src/App.jsx".[31m
file: [36mC:/Users/Owner/projects/imessage-ui/src/App.jsx:2:9[31m
[33m
1: import { useState } from "react";
2: import { sendMessage } from "./api";
            ^
3: import "./App.css";
[31m
    at getRollupError (file:///C:/Users/Owner/projects/imessage-ui/node_modules/rollup/dist/es/shared/parseAst.js:401:41)
    at error (file:///C:/Users/Owner/projects/imessage-ui/node_modules/rollup/dist/es/shared/parseAst.js:397:42)
    at Module.error (file:///C:/Users/Owner/projects/imessage-ui/node_modules/rollup/dist/es/shared/node-entry.js:16815:16)
    at Module.traceVariable (file:///C:/Users/Owner/projects/imessage-ui/node_modules/rollup/dist/es/shared/node-entry.js:17264:29)
    at ModuleScope.findVariable (file:///C:/Users/Owner/projects/imessage-ui/node_modules/rollup/dist/es/shared/node-entry.js:14913:39)
    at FunctionScope.findVariable (file:///C:/Users/Owner/projects/imessage-ui/node_modules/rollup/dist/es/shared/node-entry.js:5633:38)
    at FunctionBodyScope.findVariable (file:///C:/Users/Owner/projects/imessage-ui/node_modules/rollup/dist/es/shared/node-entry.js:5633:38)
    at ReturnValueScope.findVariable (file:///C:/Users/Owner/projects/imessage-ui/node_modules/rollup/dist/es/shared/node-entry.js:5633:38)
    at FunctionBodyScope.findVariable (file:///C:/Users/Owner/projects/imessage-ui/node_modules/rollup/dist/es/shared/node-entry.js:5633:38)
    at BlockScope.findVariable (file:///C:/Users/Owner/projects/imessage-ui/node_modules/rollup/dist/es/shared/node-entry.js:5633:38)[39m
